1 67
1 68
1 91
2 68
2 89
2 91
3 68
3 70
3 79
3 80
3 87
3 88
4 69
4 70
4 78
4 82
4 87
4 88
4 101
4 102
5 64
5 77
5 83
5 87
5 88
5 101
5 102
6 64
6 65
6 66
6 77
6 81
6 83
6 84
6 89
6 91
7 67
7 77
7 83
7 91
8 66
8 67
8 78
8 82
9 79
9 80
10 70
10 90
11 70
11 91
11 92
12 90
12 91
13 103
14 66
14 67
14 71
14 72
14 101
14 102
14 103
14 147
15 30
15 31
15 53
15 54
15 67
15 68
15 69
15 70
15 71
15 100
15 147
15 148
15 149
16 30
16 31
16 53
16 68
16 69
16 70
16 100
16 101
16 150
17 27
17 28
17 39
17 44
17 51
17 53
17 69
17 149
17 150
18 19
18 20
18 26
18 27
18 28
18 39
18 44
18 46
18 51
18 52
18 137
18 138
19 19
19 20
19 27
19 28
19 39
19 47
19 48
19 57
19 93
19 138
20 30
20 31
20 34
20 35
20 47
20 48
20 55
20 56
20 57
20 93
20 95
20 138
20 140
21 30
21 31
21 34
21 37
21 38
21 47
21 48
21 54
21 93
21 94
21 129
21 139
21 140
22 35
22 36
22 37
22 38
22 44
22 46
22 54
22 55
22 76
22 77
22 78
22 127
22 128
22 129
23 36
23 44
23 78
23 97
23 98
23 99
23 126
23 149
23 150
23 154
23 155
24 70
24 77
24 96
24 100
24 127
24 149
24 151
24 153
24 155
25 71
25 72
25 95
25 101
25 124
25 127
25 150
25 151
25 152
25 153
25 154
26 33
26 34
26 35
26 70
26 71
26 95
26 96
26 98
26 100
26 101
26 123
26 146
26 147
26 151
26 152
26 153
27 18
27 27
27 29
27 33
27 122
27 126
27 146
27 148
27 152
28 18
28 19
28 20
28 27
28 28
28 34
28 124
28 146
29 21
29 28
29 121
29 127
30 20
30 21
30 121
30 127
31 49
31 50
31 54
31 55
31 64
31 65
31 69
31 70
31 122
31 126
32 51
32 52
32 53
32 66
32 67
32 68
32 95
32 96
32 123
32 124
32 125
33 23
33 50
33 54
33 65
33 69
33 96
34 22
34 23
34 24
34 51
34 53
34 66
34 68
34 78
34 93
34 94
34 95
35 21
35 25
35 30
35 52
35 67
35 78
35 80
35 93
35 149
35 150
35 151
36 20
36 22
36 23
36 24
36 26
36 31
36 78
36 79
36 132
36 134
36 148
36 149
36 151
36 152
37 21
37 22
37 23
37 24
37 25
37 29
37 30
37 31
37 126
37 132
37 133
37 148
37 149
37 151
37 152
38 83
38 84
38 133
38 148
38 149
38 150
38 151
38 152
39 67
39 68
39 83
39 147
39 148
39 152
39 153
40 53
40 54
40 55
40 67
40 68
40 84
40 85
40 86
40 126
41 47
41 49
41 86
41 96
41 113
41 114
41 124
41 126
42 47
42 48
42 53
42 55
42 96
42 98
42 113
42 114
42 125
42 126
42 150
42 151
43 38
43 48
43 52
43 53
43 54
43 55
43 56
43 79
43 97
43 99
43 148
43 149
43 150
43 151
43 152
44 36
44 38
44 51
44 52
44 56
44 57
44 79
44 80
44 97
44 100
44 104
44 105
44 152
45 37
45 38
45 51
45 52
45 56
45 57
45 75
45 76
45 80
45 81
45 97
45 99
45 104
45 105
45 148
45 149
45 150
46 25
46 26
46 80
46 81
46 82
46 96
46 98
46 113
46 119
46 120
46 124
46 125
46 148
47 25
47 80
47 81
47 89
47 91
47 96
47 112
47 114
47 133
47 149
47 150
48 26
48 27
48 28
48 41
48 54
48 72
48 73
48 79
48 80
48 90
48 91
48 111
48 115
48 120
48 124
48 134
48 149
48 150
49 28
49 39
49 40
49 55
49 56
49 71
49 73
49 79
49 90
49 112
49 113
49 114
49 121
49 122
49 123
49 132
49 133
49 134
50 40
50 41
50 71
50 110
50 111
50 115
50 116
50 121
50 122
50 123
51 57
51 70
51 71
51 149
51 150
51 154
51 155
52 37
52 38
52 149
52 151
52 153
52 155
52 179
52 180
53 13
53 14
53 38
53 53
53 56
53 124
53 125
53 142
53 144
53 150
53 151
53 152
53 153
53 154
53 179
53 188
53 189
54 4
54 5
54 14
54 35
54 36
54 37
54 53
54 54
54 124
54 142
54 143
54 151
54 152
54 153
54 168
54 177
54 179
54 188
54 189
55 4
55 5
55 14
55 16
55 24
55 35
55 115
55 125
55 126
55 127
55 143
55 152
55 166
55 168
55 177
55 178
55 188
55 189
56 15
56 16
56 24
56 25
56 26
56 27
56 115
56 127
56 164
56 165
56 189
57 25
57 26
57 27
57 28
57 111
57 112
57 113
57 115
57 164
57 165
57 188
57 190
58 3
58 4
58 5
58 25
58 28
58 53
58 164
58 165
58 188
58 190
59 3
59 4
59 5
59 17
59 25
59 26
59 27
59 28
59 44
59 51
59 53
59 63
59 64
59 84
59 85
59 110
59 160
59 161
59 166
59 168
59 174
59 176
59 189
60 18
60 19
60 24
60 25
60 26
60 27
60 32
60 33
60 44
60 45
60 46
60 52
60 53
60 64
60 84
60 110
60 111
60 113
60 149
60 150
60 159
60 161
60 168
60 174
60 175
61 17
61 18
61 24
61 32
61 34
61 47
61 64
61 66
61 72
61 82
61 84
61 112
61 113
61 150
61 159
61 175
62 34
62 46
62 47
62 65
62 66
62 71
62 73
62 82
62 83
62 104
62 106
62 147
62 148
62 149
62 158
62 159
62 186
62 187
62 191
62 192
63 1
63 2
63 6
63 7
63 34
63 35
63 69
63 70
63 74
63 105
63 106
63 147
63 186
63 188
63 190
63 192
64 2
64 3
64 4
64 5
64 6
64 69
64 70
64 74
64 105
64 112
64 113
64 117
64 118
64 187
64 188
64 189
64 190
64 191
65 3
65 4
65 5
65 53
65 69
65 70
65 74
65 112
65 113
65 117
65 118
65 183
65 184
65 188
65 189
65 190
66 4
66 54
66 55
66 71
66 73
66 113
66 114
66 115
66 116
66 117
66 168
66 183
66 185
66 189
67 8
67 9
67 10
67 24
67 26
67 53
67 54
67 72
67 114
67 116
67 166
67 167
67 183
68 10
68 25
68 26
68 49
68 167
68 168
69 9
69 25
69 48
69 49
69 50
69 114
69 115
69 116
69 152
69 153
70 40
70 41
70 47
70 48
70 49
70 50
70 51
70 72
70 153
71 40
71 46
71 48
71 50
71 52
71 73
71 74
71 153
71 155
71 176
72 38
72 40
72 46
72 47
72 51
72 52
72 72
72 73
72 154
72 155
72 176
72 177
73 17
73 18
73 38
73 39
73 175
73 177
74 16
74 17
74 186
74 187
74 188
75 5
75 6
75 7
75 18
75 114
75 115
75 185
75 186
75 188
75 189
76 114
76 115
76 185
76 186
76 188
76 189
77 5
77 7
77 81
77 82
77 185
77 186
77 187
77 188
77 189
78 4
78 5
78 6
78 7
78 8
78 46
78 47
78 81
78 82
78 161
78 162
78 163
78 184
78 185
78 189
78 190
79 3
79 4
79 8
79 9
79 30
79 31
79 47
79 161
80 3
80 4
80 8
80 9
80 29
80 31
80 44
80 45
80 46
80 162
81 31
81 44
81 90
81 153
82 39
82 41
82 89
82 151
82 152
83 40
83 41
83 72
83 73
83 89
83 90
83 91
83 112
83 114
83 152
83 153
83 177
83 179
84 15
84 17
84 40
84 62
84 63
84 73
84 74
84 112
84 113
84 169
84 170
84 171
84 177
84 181
85 14
85 17
85 21
85 22
85 62
85 72
85 113
85 164
85 165
85 168
85 171
85 173
85 181
85 189
85 190
86 3
86 4
86 13
86 14
86 20
86 21
86 22
86 24
86 25
86 28
86 29
86 53
86 54
86 60
86 62
86 162
86 165
86 168
86 169
86 177
86 182
86 189
87 4
87 11
87 12
87 16
87 20
87 24
87 28
87 30
87 52
87 53
87 54
87 60
87 61
87 153
87 154
87 161
87 181
87 190
87 191
87 192
88 1
88 2
88 3
88 13
88 14
88 20
88 22
88 31
88 39
88 40
88 49
88 51
88 52
88 83
88 153
88 154
88 161
88 172
88 173
88 174
88 177
88 181
88 185
88 186
88 192
89 1
89 7
89 8
89 14
89 17
89 20
89 21
89 28
89 31
89 39
89 40
89 49
89 52
89 81
89 83
89 161
89 177
89 179
89 185
89 187
90 6
90 8
90 15
90 17
90 31
90 49
90 51
90 52
90 82
90 83
90 162
90 165
90 187
91 6
91 28
91 30
91 43
91 44
91 52
91 53
91 54
91 132
91 133
91 164
91 165
91 187
91 188
92 5
92 6
92 28
92 29
92 42
92 44
92 53
92 54
92 70
92 133
93 42
93 70
93 71
93 72
93 133
93 135
94 41
94 42
94 73
94 134
94 135
95 72
95 73
95 83
96 84
96 85
96 110
96 111
96 112
97 46
97 83
97 84
97 110
97 111
97 112
98 44
98 45
98 46
98 111
99 43
99 111
100 43
100 44
100 111
100 141
100 142
100 143
101 110
101 112
101 141
102 75
102 142
103 74
103 75
103 76
103 98
103 100
104 73
104 74
104 75
104 76
104 77
104 99
104 100
104 110
104 112
104 163
104 164
105 41
105 72
105 73
105 77
105 78
105 99
105 111
105 163
105 164
106 40
106 41
106 42
106 111
107 39
107 40
107 41
107 42
107 43
107 111
107 149
107 150
108 38
108 40
108 42
108 44
108 76
108 110
108 111
108 112
108 149
108 151
109 38
109 39
109 43
109 44
109 76
109 81
109 96
109 110
109 111
109 112
109 149
110 79
110 80
110 88
110 89
110 97
110 98
111 72
111 73
111 80
111 81
111 88
111 89
111 96
111 97
111 134
111 135
112 43
112 44
112 73
112 135
112 136
113 43
113 44
113 70
113 71
113 72
113 134
114 45
114 70
114 161
114 162
114 164
114 166
114 167
115 43
115 44
115 45
115 156
115 157
115 158
116 41
116 156
116 161
116 167
117 41
117 42
117 43
117 44
117 45
117 157
118 42
118 43
118 58
118 59
118 60
118 162
118 163
118 165
118 166
119 58
119 164
120 59
121 40
121 41
121 45
121 46
122 41
122 42
122 43
122 44
122 45
122 162
123 41
123 42
123 44
123 45
123 161
123 163
124 41
124 42
124 44
124 45
124 160
124 164
125 42
125 43
125 44
125 66
125 67
125 160
125 161
125 162
125 163
125 164
126 66
126 68
126 159
126 160
126 164
126 165
127 66
127 90
127 91
127 160
127 161
127 162
127 163
127 164
128 90
128 161
128 162
128 163
129 45
129 46
129 56
129 57
129 79
129 80
129 88
129 90
129 162
130 45
130 57
130 79
130 81
130 88
130 89
131 46
131 47
131 48
131 57
131 59
131 69
131 74
131 75
131 80
131 81
131 82
132 48
132 58
132 59
132 68
132 70
132 72
132 73
132 76
132 81
132 82
132 83
133 67
133 71
133 73
133 74
133 75
133 80
133 81
133 82
134 67
134 71
134 73
134 74
134 79
134 81
134 90
134 91
134 126
134 127
135 67
135 71
135 72
135 79
135 80
135 91
135 92
135 126
135 127
136 68
136 70
136 90
137 69
137 96
138 96
138 97
138 98
138 114
138 115
138 162
138 163
139 99
139 114
139 115
139 162
139 163
140 98
140 99
141 104
141 105
142 105
142 106
142 114
142 115
142 116
143 89
143 104
143 114
143 115
143 116
144 87
144 88
144 89
145 86
146 86
146 87
147 112
147 113
147 117
147 118
148 113
148 114
148 115
148 116
148 117
149 114
149 115
149 116
150 115
151 109
151 110
151 111
152 81
152 82
152 86
152 87
152 109
153 84
153 110
154 81
154 87
155 82
155 83
155 85
155 86
156 83
156 85
156 89
156 90
156 103
156 105
157 84
157 90
157 91
157 103
157 104
158 84
158 89
158 104
159 112
159 113
159 114
161 112
161 114
162 81
162 82
162 111
162 112
162 113
162 114
162 115
163 82
163 110
163 111
163 115
163 116
164 79
164 80
164 81
164 110
164 111
164 115
164 116
165 79
165 89
165 90
165 91
166 89
167 90
169 80
169 81
169 103
169 104
170 81
170 98
170 103
170 104
170 115
170 116
171 81
171 83
171 92
171 93
171 95
171 96
171 97
171 98
171 99
171 106
171 107
171 115
172 82
172 83
172 91
172 96
172 97
172 100
172 106
172 107
172 108
172 116
172 117
172 118
173 60
173 90
173 99
173 100
173 106
173 107
173 118
174 58
174 60
174 90
174 98
174 103
174 104
174 112
174 113
175 59
175 60
175 90
175 103
175 104
175 112
175 114
176 5
176 6
176 28
176 30
176 91
176 114
177 6
177 26
177 30
177 92
177 93
177 114
177 115
178 6
178 8
178 18
178 26
179 1
179 7
179 8
179 17
179 18
179 19
179 20
179 25
179 30
179 39
179 40
180 1
180 2
180 3
180 16
180 17
180 19
180 21
180 26
180 39
180 40
181 4
181 15
181 16
181 17
181 19
181 22
181 26
181 30
182 3
182 4
182 16
182 17
182 19
182 21
182 28
182 30
183 17
183 18
183 19
183 20
184 5
184 6
184 7
184 18
185 5
185 6
185 7
185 24
185 29
186 4
186 8
186 24
186 25
186 26
186 27
186 29
187 3
187 9
187 23
187 25
187 28
187 29
188 4
188 8
189 5
189 6
189 7
192 36
193 37
194 4
194 6
194 30
194 31
194 35
195 4
195 7
195 31
195 32
195 39
196 6
196 7
196 9
196 30
196 37
196 38
196 40
197 40
198 6
198 40
198 41
199 6
199 8
199 9
200 7
203 1
203 2
203 6
203 7
204 2
204 3
204 4
204 5
204 6
205 2
205 3
205 5
205 6
205 15
205 34
205 35
206 2
206 3
206 5
206 6
206 13
206 15
206 34
207 3
207 4
207 5
207 14
207 15
207 22
207 23
207 32
207 34
208 20
208 24
208 32
208 33
209 19
209 25
210 18
210 19
210 21
210 25
211 19
211 25
212 15
212 16
212 20
212 24
213 4
213 5
213 14
213 16
213 22
213 23
213 127
214 4
214 5
214 14
214 127
214 129
215 13
215 14
215 130
215 131
215 138
215 139
216 116
216 117
216 130
216 131
216 136
216 140
217 116
217 117
217 130
217 131
217 135
217 141
217 150
217 151
218 127
218 129
218 134
218 135
218 137
218 141
218 150
218 151
219 127
219 135
219 141
220 136
220 140
221 138
221 139
222 128
223 126
223 127
224 127
224 128
230 119
230 121
231 119
231 120
232 120
237 112
237 113
238 111
238 113
239 111
240 110
240 111
